<?xml version="1.0" encoding="UTF-8"?>
<testng-results ignored="0" total="1" passed="1" failed="0" skipped="0">
  <reporter-output>
    <line>
      <![CDATA[launching browser]]>
    </line>
    <line>
      <![CDATA[ReadingmobileNumfrom property file]]>
    </line>
    <line>
      <![CDATA[WATING FOR1000ms]]>
    </line>
    <line>
      <![CDATA[ENTERRING MOBILRNO]]>
    </line>
    <line>
      <![CDATA[WATING FOR6000ms]]>
    </line>
    <line>
      <![CDATA[CLICKING SIGNINBUTTON]]>
    </line>
    <line>
      <![CDATA[WATING FOR1000ms]]>
    </line>
    <line>
      <![CDATA[ReadingPasswordfrom property file]]>
    </line>
    <line>
      <![CDATA[WATING FOR1000ms]]>
    </line>
    <line>
      <![CDATA[ENTERING  PASSWORD]]>
    </line>
    <line>
      <![CDATA[WATING FOR2000ms]]>
    </line>
    <line>
      <![CDATA[clicking submitButton]]>
    </line>
    <line>
      <![CDATA[WATING FOR9000ms]]>
    </line>
    <line>
      <![CDATA[handeling popup]]>
    </line>
    <line>
      <![CDATA[CLICKING ON OK BUTTON OF POPUP]]>
    </line>
    <line>
      <![CDATA[WATING FOR12000ms]]>
    </line>
    <line>
      <![CDATA[CLICKING ON CLOSE BUTTON OF POPUP]]>
    </line>
    <line>
      <![CDATA[WATING FOR3000ms]]>
    </line>
    <line>
      <![CDATA[getting actual user name]]>
    </line>
    <line>
      <![CDATA[Actual user name isYogendra Joshi]]>
    </line>
    <line>
      <![CDATA[ReadinguserNamefrom property file]]>
    </line>
    <line>
      <![CDATA[WATING FOR3000ms]]>
    </line>
    <line>
      <![CDATA[WATING FOR3000ms]]>
    </line>
    <line>
      <![CDATA[logging out]]>
    </line>
    <line>
      <![CDATA[closing browser]]>
    </line>
  </reporter-output>
  <suite started-at="2022-12-13T11:11:15 IST" name="Default suite" finished-at="2022-12-13T11:12:00 IST" duration-ms="45139">
    <groups>
    </groups>
    <test started-at="2022-12-13T11:11:15 IST" name="Default test" finished-at="2022-12-13T11:12:00 IST" duration-ms="45139">
      <class name="neoStoxTest.validateneostoxUsername">
        <test-method is-config="true" signature="launchNeoStox()[pri:0, instance:neoStoxTest.validateneostoxUsername@25fb8912]" started-at="2022-12-13T11:11:15 IST" name="launchNeoStox" finished-at="2022-12-13T11:11:29 IST" duration-ms="13542" status="PASS">
          <reporter-output>
            <line>
              <![CDATA[launching browser]]>
            </line>
          </reporter-output>
        </test-method> <!-- launchNeoStox -->
        <test-method is-config="true" signature="loginNeoStox()[pri:0, instance:neoStoxTest.validateneostoxUsername@25fb8912]" started-at="2022-12-13T11:11:29 IST" name="loginNeoStox" finished-at="2022-12-13T11:11:58 IST" duration-ms="29815" status="PASS">
          <reporter-output>
            <line>
              <![CDATA[ReadingmobileNumfrom property file]]>
            </line>
            <line>
              <![CDATA[WATING FOR1000ms]]>
            </line>
            <line>
              <![CDATA[ENTERRING MOBILRNO]]>
            </line>
            <line>
              <![CDATA[WATING FOR6000ms]]>
            </line>
            <line>
              <![CDATA[CLICKING SIGNINBUTTON]]>
            </line>
            <line>
              <![CDATA[WATING FOR1000ms]]>
            </line>
            <line>
              <![CDATA[ReadingPasswordfrom property file]]>
            </line>
            <line>
              <![CDATA[WATING FOR1000ms]]>
            </line>
            <line>
              <![CDATA[ENTERING  PASSWORD]]>
            </line>
            <line>
              <![CDATA[WATING FOR2000ms]]>
            </line>
            <line>
              <![CDATA[clicking submitButton]]>
            </line>
            <line>
              <![CDATA[WATING FOR9000ms]]>
            </line>
            <line>
              <![CDATA[handeling popup]]>
            </line>
            <line>
              <![CDATA[CLICKING ON OK BUTTON OF POPUP]]>
            </line>
            <line>
              <![CDATA[WATING FOR12000ms]]>
            </line>
            <line>
              <![CDATA[CLICKING ON CLOSE BUTTON OF POPUP]]>
            </line>
          </reporter-output>
        </test-method> <!-- loginNeoStox -->
        <test-method signature="validateUserID()[pri:0, instance:neoStoxTest.validateneostoxUsername@25fb8912]" started-at="2022-12-13T11:11:58 IST" name="validateUserID" finished-at="2022-12-13T11:11:59 IST" duration-ms="172" status="PASS">
          <reporter-output>
            <line>
              <![CDATA[WATING FOR3000ms]]>
            </line>
            <line>
              <![CDATA[getting actual user name]]>
            </line>
            <line>
              <![CDATA[Actual user name isYogendra Joshi]]>
            </line>
            <line>
              <![CDATA[ReadinguserNamefrom property file]]>
            </line>
          </reporter-output>
        </test-method> <!-- validateUserID -->
        <test-method is-config="true" signature="logOutFromNeoStox()[pri:0, instance:neoStoxTest.validateneostoxUsername@25fb8912]" started-at="2022-12-13T11:11:59 IST" name="logOutFromNeoStox" finished-at="2022-12-13T11:11:59 IST" duration-ms="316" status="PASS">
          <reporter-output>
            <line>
              <![CDATA[WATING FOR3000ms]]>
            </line>
            <line>
              <![CDATA[WATING FOR3000ms]]>
            </line>
            <line>
              <![CDATA[logging out]]>
            </line>
          </reporter-output>
        </test-method> <!-- logOutFromNeoStox -->
        <test-method is-config="true" signature="closeBrowser()[pri:0, instance:neoStoxTest.validateneostoxUsername@25fb8912]" started-at="2022-12-13T11:11:59 IST" name="closeBrowser" finished-at="2022-12-13T11:12:00 IST" duration-ms="1189" status="PASS">
          <reporter-output>
            <line>
              <![CDATA[closing browser]]>
            </line>
          </reporter-output>
        </test-method> <!-- closeBrowser -->
      </class> <!-- neoStoxTest.validateneostoxUsername -->
    </test> <!-- Default test -->
  </suite> <!-- Default suite -->
</testng-results>
